2026-01-15 13:48:48 [restartedMain] INFO  c.e.s.SystemServiceOfficialApplication - Starting SystemServiceOfficialApplication using Java 17.0.14 with PID 25756 (C:\OPS\OPSProjects\HDDT\system-service-official\target\classes started by admin in C:\OPS\OPSProjects\HDDT\system-service-official)
2026-01-15 13:48:48 [restartedMain] INFO  c.e.s.SystemServiceOfficialApplication - No active profile set, falling back to 1 default profile: "default"
2026-01-15 13:48:48 [restartedMain] INFO  o.s.b.d.e.DevToolsPropertyDefaultsPostProcessor - Devtools property defaults active! Set 'spring.devtools.add-properties' to 'false' to disable
2026-01-15 13:48:48 [restartedMain] INFO  o.s.b.d.e.DevToolsPropertyDefaultsPostProcessor - For additional web related logging consider setting the 'logging.level.web' property to 'DEBUG'
2026-01-15 13:48:49 [restartedMain] WARN  o.s.b.w.s.s.c.AnnotationConfigServletWebServerApplicationContext - Exception encountered during context initialization - cancelling refresh attempt: org.springframework.beans.factory.support.BeanDefinitionOverrideException: Invalid bean definition with name 'requestDataValueProcessor' defined in class path resource [org/springframework/security/config/annotation/web/reactive/WebFluxSecurityConfiguration.class]: Cannot register bean definition [Root bean: class=null; scope=; abstract=false; lazyInit=null; autowireMode=3; dependencyCheck=0; autowireCandidate=true; primary=false; fallback=false; factoryBeanName=org.springframework.security.config.annotation.web.reactive.WebFluxSecurityConfiguration; factoryMethodName=requestDataValueProcessor; initMethodNames=null; destroyMethodNames=[(inferred)]; defined in class path resource [org/springframework/security/config/annotation/web/reactive/WebFluxSecurityConfiguration.class]] for bean 'requestDataValueProcessor' since there is already [Root bean: class=null; scope=; abstract=false; lazyInit=null; autowireMode=3; dependencyCheck=0; autowireCandidate=true; primary=false; fallback=false; factoryBeanName=org.springframework.security.config.annotation.web.configuration.WebMvcSecurityConfiguration; factoryMethodName=requestDataValueProcessor; initMethodNames=null; destroyMethodNames=[(inferred)]; defined in class path resource [org/springframework/security/config/annotation/web/configuration/WebMvcSecurityConfiguration.class]] bound.
2026-01-15 13:48:49 [restartedMain] INFO  o.s.b.a.l.ConditionEvaluationReportLogger - 

Error starting ApplicationContext. To display the condition evaluation report re-run your application with 'debug' enabled.
2026-01-15 13:48:49 [restartedMain] ERROR o.s.b.d.LoggingFailureAnalysisReporter - 

***************************
APPLICATION FAILED TO START
***************************

Description:

The bean 'requestDataValueProcessor', defined in class path resource [org/springframework/security/config/annotation/web/reactive/WebFluxSecurityConfiguration.class], could not be registered. A bean with that name has already been defined in class path resource [org/springframework/security/config/annotation/web/configuration/WebMvcSecurityConfiguration.class] and overriding is disabled.

Action:

Consider renaming one of the beans or enabling overriding by setting spring.main.allow-bean-definition-overriding=true

2026-01-15 13:53:02 [restartedMain] INFO  c.e.s.SystemServiceOfficialApplication - Starting SystemServiceOfficialApplication using Java 17.0.12 with PID 11908 (C:\OPS\OPSProjects\HDDT\system-service-official\target\classes started by admin in C:\OPS\OPSProjects\HDDT\system-service-official)
2026-01-15 13:53:02 [restartedMain] INFO  c.e.s.SystemServiceOfficialApplication - No active profile set, falling back to 1 default profile: "default"
2026-01-15 13:53:02 [restartedMain] INFO  o.s.b.d.e.DevToolsPropertyDefaultsPostProcessor - Devtools property defaults active! Set 'spring.devtools.add-properties' to 'false' to disable
2026-01-15 13:53:02 [restartedMain] INFO  o.s.b.d.e.DevToolsPropertyDefaultsPostProcessor - For additional web related logging consider setting the 'logging.level.web' property to 'DEBUG'
2026-01-15 13:53:02 [restartedMain] WARN  o.s.b.w.s.s.c.AnnotationConfigServletWebServerApplicationContext - Exception encountered during context initialization - cancelling refresh attempt: org.springframework.beans.factory.support.BeanDefinitionOverrideException: Invalid bean definition with name 'requestDataValueProcessor' defined in class path resource [org/springframework/security/config/annotation/web/reactive/WebFluxSecurityConfiguration.class]: Cannot register bean definition [Root bean: class=null; scope=; abstract=false; lazyInit=null; autowireMode=3; dependencyCheck=0; autowireCandidate=true; primary=false; fallback=false; factoryBeanName=org.springframework.security.config.annotation.web.reactive.WebFluxSecurityConfiguration; factoryMethodName=requestDataValueProcessor; initMethodNames=null; destroyMethodNames=[(inferred)]; defined in class path resource [org/springframework/security/config/annotation/web/reactive/WebFluxSecurityConfiguration.class]] for bean 'requestDataValueProcessor' since there is already [Root bean: class=null; scope=; abstract=false; lazyInit=null; autowireMode=3; dependencyCheck=0; autowireCandidate=true; primary=false; fallback=false; factoryBeanName=org.springframework.security.config.annotation.web.configuration.WebMvcSecurityConfiguration; factoryMethodName=requestDataValueProcessor; initMethodNames=null; destroyMethodNames=[(inferred)]; defined in class path resource [org/springframework/security/config/annotation/web/configuration/WebMvcSecurityConfiguration.class]] bound.
2026-01-15 13:53:02 [restartedMain] INFO  o.s.b.a.l.ConditionEvaluationReportLogger - 

Error starting ApplicationContext. To display the condition evaluation report re-run your application with 'debug' enabled.
2026-01-15 13:53:02 [restartedMain] ERROR o.s.b.d.LoggingFailureAnalysisReporter - 

***************************
APPLICATION FAILED TO START
***************************

Description:

The bean 'requestDataValueProcessor', defined in class path resource [org/springframework/security/config/annotation/web/reactive/WebFluxSecurityConfiguration.class], could not be registered. A bean with that name has already been defined in class path resource [org/springframework/security/config/annotation/web/configuration/WebMvcSecurityConfiguration.class] and overriding is disabled.

Action:

Consider renaming one of the beans or enabling overriding by setting spring.main.allow-bean-definition-overriding=true

2026-01-15 13:55:22 [restartedMain] INFO  c.e.s.SystemServiceOfficialApplication - Starting SystemServiceOfficialApplication using Java 17.0.12 with PID 14936 (C:\OPS\OPSProjects\HDDT\system-service-official\target\classes started by admin in C:\OPS\OPSProjects\HDDT\system-service-official)
2026-01-15 13:55:22 [restartedMain] INFO  c.e.s.SystemServiceOfficialApplication - No active profile set, falling back to 1 default profile: "default"
2026-01-15 13:55:22 [restartedMain] INFO  o.s.b.d.e.DevToolsPropertyDefaultsPostProcessor - Devtools property defaults active! Set 'spring.devtools.add-properties' to 'false' to disable
2026-01-15 13:55:22 [restartedMain] INFO  o.s.b.d.e.DevToolsPropertyDefaultsPostProcessor - For additional web related logging consider setting the 'logging.level.web' property to 'DEBUG'
2026-01-15 13:55:22 [restartedMain] INFO  o.s.b.f.s.DefaultListableBeanFactory - Overriding bean definition for bean 'requestDataValueProcessor' with a different definition: replacing [Root bean: class=null; scope=; abstract=false; lazyInit=null; autowireMode=3; dependencyCheck=0; autowireCandidate=true; primary=false; fallback=false; factoryBeanName=org.springframework.security.config.annotation.web.configuration.WebMvcSecurityConfiguration; factoryMethodName=requestDataValueProcessor; initMethodNames=null; destroyMethodNames=[(inferred)]; defined in class path resource [org/springframework/security/config/annotation/web/configuration/WebMvcSecurityConfiguration.class]] with [Root bean: class=null; scope=; abstract=false; lazyInit=null; autowireMode=3; dependencyCheck=0; autowireCandidate=true; primary=false; fallback=false; factoryBeanName=org.springframework.security.config.annotation.web.reactive.WebFluxSecurityConfiguration; factoryMethodName=requestDataValueProcessor; initMethodNames=null; destroyMethodNames=[(inferred)]; defined in class path resource [org/springframework/security/config/annotation/web/reactive/WebFluxSecurityConfiguration.class]]
2026-01-15 13:55:22 [restartedMain] INFO  o.s.b.f.s.DefaultListableBeanFactory - Overriding bean definition for bean 'conversionServicePostProcessor' with a different definition: replacing [Root bean: class=org.springframework.security.config.annotation.web.configuration.WebSecurityConfiguration; scope=; abstract=false; lazyInit=null; autowireMode=3; dependencyCheck=0; autowireCandidate=true; primary=false; fallback=false; factoryBeanName=null; factoryMethodName=conversionServicePostProcessor; initMethodNames=null; destroyMethodNames=[(inferred)]; defined in class path resource [org/springframework/security/config/annotation/web/configuration/WebSecurityConfiguration.class]] with [Root bean: class=org.springframework.security.config.annotation.web.reactive.WebFluxSecurityConfiguration; scope=; abstract=false; lazyInit=null; autowireMode=3; dependencyCheck=0; autowireCandidate=true; primary=false; fallback=false; factoryBeanName=null; factoryMethodName=conversionServicePostProcessor; initMethodNames=null; destroyMethodNames=[(inferred)]; defined in class path resource [org/springframework/security/config/annotation/web/reactive/WebFluxSecurityConfiguration.class]]
2026-01-15 13:55:22 [restartedMain] INFO  o.s.b.f.s.DefaultListableBeanFactory - Overriding bean definition for bean 'webAuthorizationManagerPostProcessor' with a different definition: replacing [Root bean: class=org.springframework.security.config.annotation.web.configuration.ObservationConfiguration; scope=; abstract=false; lazyInit=null; autowireMode=3; dependencyCheck=0; autowireCandidate=true; primary=false; fallback=false; factoryBeanName=null; factoryMethodName=webAuthorizationManagerPostProcessor; initMethodNames=null; destroyMethodNames=[(inferred)]; defined in class path resource [org/springframework/security/config/annotation/web/configuration/ObservationConfiguration.class]] with [Root bean: class=org.springframework.security.config.annotation.web.reactive.ReactiveObservationConfiguration; scope=; abstract=false; lazyInit=null; autowireMode=3; dependencyCheck=0; autowireCandidate=true; primary=false; fallback=false; factoryBeanName=null; factoryMethodName=webAuthorizationManagerPostProcessor; initMethodNames=null; destroyMethodNames=[(inferred)]; defined in class path resource [org/springframework/security/config/annotation/web/reactive/ReactiveObservationConfiguration.class]]
2026-01-15 13:55:22 [restartedMain] INFO  o.s.b.f.s.DefaultListableBeanFactory - Overriding bean definition for bean 'filterChainDecoratorPostProcessor' with a different definition: replacing [Root bean: class=org.springframework.security.config.annotation.web.configuration.ObservationConfiguration; scope=; abstract=false; lazyInit=null; autowireMode=3; dependencyCheck=0; autowireCandidate=true; primary=false; fallback=false; factoryBeanName=null; factoryMethodName=filterChainDecoratorPostProcessor; initMethodNames=null; destroyMethodNames=[(inferred)]; defined in class path resource [org/springframework/security/config/annotation/web/configuration/ObservationConfiguration.class]] with [Root bean: class=org.springframework.security.config.annotation.web.reactive.ReactiveObservationConfiguration; scope=; abstract=false; lazyInit=null; autowireMode=3; dependencyCheck=0; autowireCandidate=true; primary=false; fallback=false; factoryBeanName=null; factoryMethodName=filterChainDecoratorPostProcessor; initMethodNames=null; destroyMethodNames=[(inferred)]; defined in class path resource [org/springframework/security/config/annotation/web/reactive/ReactiveObservationConfiguration.class]]
2026-01-15 13:55:22 [restartedMain] INFO  o.s.b.f.s.DefaultListableBeanFactory - Overriding bean definition for bean 'jwtAuthenticationFilter' with a different definition: replacing [Generic bean: class=com.example.systemserviceofficial.system.config.JwtAuthenticationFilter; scope=singleton; abstract=false; lazyInit=null; autowireMode=0; dependencyCheck=0; autowireCandidate=true; primary=false; fallback=false; factoryBeanName=null; factoryMethodName=null; initMethodNames=null; destroyMethodNames=null; defined in file [C:\OPS\OPSProjects\HDDT\system-service-official\target\classes\com\example\systemserviceofficial\system\config\JwtAuthenticationFilter.class]] with [Root bean: class=null; scope=; abstract=false; lazyInit=null; autowireMode=3; dependencyCheck=0; autowireCandidate=true; primary=false; fallback=false; factoryBeanName=com.example.commonserviceofficial.autoconfigure.SecurityAutoConfiguration; factoryMethodName=jwtAuthenticationFilter; initMethodNames=null; destroyMethodNames=[(inferred)]; defined in class path resource [com/example/commonserviceofficial/autoconfigure/SecurityAutoConfiguration.class]]
2026-01-15 13:55:22 [restartedMain] WARN  o.s.b.w.s.s.c.AnnotationConfigServletWebServerApplicationContext - Exception encountered during context initialization - cancelling refresh attempt: java.lang.IllegalStateException: Error processing condition on org.springframework.boot.autoconfigure.availability.ApplicationAvailabilityAutoConfiguration.applicationAvailability
2026-01-15 13:55:22 [restartedMain] INFO  o.s.b.a.l.ConditionEvaluationReportLogger - 

Error starting ApplicationContext. To display the condition evaluation report re-run your application with 'debug' enabled.
2026-01-15 13:55:22 [restartedMain] ERROR o.s.boot.SpringApplication - Application run failed
java.lang.IllegalStateException: Error processing condition on org.springframework.boot.autoconfigure.availability.ApplicationAvailabilityAutoConfiguration.applicationAvailability
	at org.springframework.boot.autoconfigure.condition.SpringBootCondition.matches(SpringBootCondition.java:60)
	at org.springframework.context.annotation.ConditionEvaluator.shouldSkip(ConditionEvaluator.java:100)
	at org.springframework.context.annotation.ConfigurationClassBeanDefinitionReader.loadBeanDefinitionsForBeanMethod(ConfigurationClassBeanDefinitionReader.java:196)
	at org.springframework.context.annotation.ConfigurationClassBeanDefinitionReader.loadBeanDefinitionsForConfigurationClass(ConfigurationClassBeanDefinitionReader.java:148)
	at org.springframework.context.annotation.ConfigurationClassBeanDefinitionReader.loadBeanDefinitions(ConfigurationClassBeanDefinitionReader.java:124)
	at org.springframework.context.annotation.ConfigurationClassPostProcessor.processConfigBeanDefinitions(ConfigurationClassPostProcessor.java:458)
	at org.springframework.context.annotation.ConfigurationClassPostProcessor.postProcessBeanDefinitionRegistry(ConfigurationClassPostProcessor.java:310)
	at org.springframework.context.support.PostProcessorRegistrationDelegate.invokeBeanDefinitionRegistryPostProcessors(PostProcessorRegistrationDelegate.java:349)
	at org.springframework.context.support.PostProcessorRegistrationDelegate.invokeBeanFactoryPostProcessors(PostProcessorRegistrationDelegate.java:118)
	at org.springframework.context.support.AbstractApplicationContext.invokeBeanFactoryPostProcessors(AbstractApplicationContext.java:794)
	at org.springframework.context.support.AbstractApplicationContext.refresh(AbstractApplicationContext.java:602)
	at org.springframework.boot.web.server.servlet.context.ServletWebServerApplicationContext.refresh(ServletWebServerApplicationContext.java:143)
	at org.springframework.boot.SpringApplication.refresh(SpringApplication.java:756)
	at org.springframework.boot.SpringApplication.refreshContext(SpringApplication.java:445)
	at org.springframework.boot.SpringApplication.run(SpringApplication.java:321)
	at org.springframework.boot.SpringApplication.run(SpringApplication.java:1365)
	at org.springframework.boot.SpringApplication.run(SpringApplication.java:1354)
	at com.example.systemserviceofficial.SystemServiceOfficialApplication.main(SystemServiceOfficialApplication.java:10)
	at java.base/jdk.internal.reflect.NativeMethodAccessorImpl.invoke0(Native Method)
	at java.base/jdk.internal.reflect.NativeMethodAccessorImpl.invoke(NativeMethodAccessorImpl.java:77)
	at java.base/jdk.internal.reflect.DelegatingMethodAccessorImpl.invoke(DelegatingMethodAccessorImpl.java:43)
	at java.base/java.lang.reflect.Method.invoke(Method.java:568)
	at org.springframework.boot.devtools.restart.RestartLauncher.run(RestartLauncher.java:52)
Caused by: java.lang.IllegalStateException: Failed to introspect Class [org.springframework.security.config.annotation.web.reactive.WebFluxSecurityConfiguration] from ClassLoader [jdk.internal.loader.ClassLoaders$AppClassLoader@2a139a55]
	at org.springframework.util.ReflectionUtils.getDeclaredMethods(ReflectionUtils.java:483)
	at org.springframework.util.ReflectionUtils.doWithMethods(ReflectionUtils.java:360)
	at org.springframework.util.ReflectionUtils.getUniqueDeclaredMethods(ReflectionUtils.java:417)
	at org.springframework.beans.factory.support.AbstractAutowireCapableBeanFactory.lambda$getTypeForFactoryMethod$0(AbstractAutowireCapableBeanFactory.java:750)
	at java.base/java.util.concurrent.ConcurrentHashMap.computeIfAbsent(ConcurrentHashMap.java:1708)
	at org.springframework.beans.factory.support.AbstractAutowireCapableBeanFactory.getTypeForFactoryMethod(AbstractAutowireCapableBeanFactory.java:749)
	at org.springframework.beans.factory.support.AbstractAutowireCapableBeanFactory.determineTargetType(AbstractAutowireCapableBeanFactory.java:683)
	at org.springframework.beans.factory.support.AbstractAutowireCapableBeanFactory.predictBeanType(AbstractAutowireCapableBeanFactory.java:655)
	at org.springframework.beans.factory.support.AbstractBeanFactory.isFactoryBean(AbstractBeanFactory.java:1699)
	at org.springframework.beans.factory.support.DefaultListableBeanFactory.doGetBeanNamesForType(DefaultListableBeanFactory.java:632)
	at org.springframework.beans.factory.support.DefaultListableBeanFactory.getBeanNamesForType(DefaultListableBeanFactory.java:604)
	at org.springframework.beans.factory.support.DefaultListableBeanFactory.getBeanNamesForType(DefaultListableBeanFactory.java:589)
	at org.springframework.boot.autoconfigure.condition.OnBeanCondition.collectBeanDefinitionsForType(OnBeanCondition.java:331)
	at org.springframework.boot.autoconfigure.condition.OnBeanCondition.getBeanDefinitionsForType(OnBeanCondition.java:323)
	at org.springframework.boot.autoconfigure.condition.OnBeanCondition.getMatchingBeans(OnBeanCondition.java:221)
	at org.springframework.boot.autoconfigure.condition.OnBeanCondition.evaluateConditionalOnMissingBean(OnBeanCondition.java:204)
	at org.springframework.boot.autoconfigure.condition.OnBeanCondition.getMatchOutcome(OnBeanCondition.java:149)
	at org.springframework.boot.autoconfigure.condition.SpringBootCondition.matches(SpringBootCondition.java:47)
	... 22 common frames omitted
Caused by: java.lang.NoClassDefFoundError: org/springframework/web/reactive/result/view/RequestDataValueProcessor
	at java.base/java.lang.ClassLoader.defineClass1(Native Method)
	at java.base/java.lang.ClassLoader.defineClass(ClassLoader.java:1017)
	at java.base/java.security.SecureClassLoader.defineClass(SecureClassLoader.java:150)
	at java.base/jdk.internal.loader.BuiltinClassLoader.defineClass(BuiltinClassLoader.java:862)
	at java.base/jdk.internal.loader.BuiltinClassLoader.findClassOnClassPathOrNull(BuiltinClassLoader.java:760)
	at java.base/jdk.internal.loader.BuiltinClassLoader.loadClassOrNull(BuiltinClassLoader.java:681)
	at java.base/jdk.internal.loader.BuiltinClassLoader.loadClass(BuiltinClassLoader.java:639)
	at java.base/jdk.internal.loader.ClassLoaders$AppClassLoader.loadClass(ClassLoaders.java:188)
	at java.base/java.lang.ClassLoader.loadClass(ClassLoader.java:525)
	at java.base/java.lang.Class.getDeclaredMethods0(Native Method)
	at java.base/java.lang.Class.privateGetDeclaredMethods(Class.java:3402)
	at java.base/java.lang.Class.getDeclaredMethods(Class.java:2504)
	at org.springframework.util.ReflectionUtils.getDeclaredMethods(ReflectionUtils.java:465)
	... 39 common frames omitted
Caused by: java.lang.ClassNotFoundException: org.springframework.web.reactive.result.view.RequestDataValueProcessor
	at java.base/jdk.internal.loader.BuiltinClassLoader.loadClass(BuiltinClassLoader.java:641)
	at java.base/jdk.internal.loader.ClassLoaders$AppClassLoader.loadClass(ClassLoaders.java:188)
	at java.base/java.lang.ClassLoader.loadClass(ClassLoader.java:525)
	... 52 common frames omitted
